   0.0000000000000000        5022.46826      -3397940.25       4.95912300E+16
   1.8200000049546361E-003   8596.79492       11628558.0       5.23678448E+16
   3.0940000433474779E-003   17360.1992      -4968096.50       5.67191148E+16
   4.7320001758635044E-003   28208.8613      -1609343.25       6.54684571E+16
   6.1880000866949558E-003   32428.7539       28787566.0       7.50935518E+16
   8.0080004408955574E-003   54603.1484       9102516.00       8.78635461E+16
   9.2820003628730774E-003   66735.1953       57947496.0       9.57095409E+16
   1.2376000173389912E-002   182398.156       43068200.0       1.04802502E+17
   1.3336000032722950E-002   238656.688       48679044.0       1.03821686E+17
   1.3976000249385834E-002   290007.688       96293848.0       1.01288325E+17
   1.4936000108718872E-002   381980.781       93232048.0       9.68916962E+16
   1.5576000325381756E-002   461421.562       168237936.       9.22189522E+16
   1.7176000401377678E-002   706758.062       152137216.       7.86415985E+16
   1.7662700265645981E-002   817654.125       269397792.       7.45518104E+16
   1.8006799742579460E-002   902368.938       225278064.       7.00753206E+16
   1.8434399738907814E-002   1013207.69       312775648.       6.59273743E+16
   1.8837500363588333E-002   1142061.50       300060576.       6.08517838E+16
   1.9254999235272408E-002   1271090.75       351438176.       5.60670614E+16
   1.9668299704790115E-002   1427868.38       374033216.       5.09535120E+16
   2.0084099844098091E-002   1583856.88       410876832.       4.56149579E+16
   2.0499100908637047E-002   1769666.50       449747904.       4.05447404E+16
   2.0914500579237938E-002   1954249.38       474226496.       3.45816744E+16
   2.1329799667000771E-002   2169325.00       526389344.       2.94055580E+16
   2.1745199337601662E-002   2383243.50       537916352.       2.32119897E+16
   2.2160600870847702E-002   2626431.25       598900608.       1.79319910E+16
   2.2576000541448593E-002   2867910.50       595581696.       1.14340329E+16
   2.2991400212049484E-002   3135151.00       659868672.       5.58213517E+15
   2.3406799882650375E-002   3399726.00       641566464.      -5.32908536E+14
   2.3822199553251266E-002   3683699.75       697790336.      -7.12522673E+15
   2.4237899109721184E-002   3962471.75       668412032.      -1.30219221E+16
   2.4652900174260139E-002   4253740.00       707841216.      -2.02973841E+16
   2.5070400908589363E-002   4536245.00       674137280.      -2.61397400E+16
   2.5483699515461922E-002   4826544.00       694882496.      -3.40192398E+16
   2.5911299511790276E-002   5105904.00       661509888.      -3.97395800E+16
   2.6314500719308853E-002   5393457.50       708179904.      -4.82443025E+16
   2.6801100000739098E-002   5686933.00       575800064.      -5.49854512E+16
   2.7145199477672577E-002   5905573.50       658698496.      -6.28362262E+16
   2.7976000681519508E-002   6367315.00       594946624.      -7.77786279E+16
   2.8865199536085129E-002   6798089.50       525262688.      -9.44604527E+16
   2.9494000598788261E-002   7072681.00       397764064.      -1.05018316E+17
   3.0275300145149231E-002   7364671.50       331833632.      -1.19581708E+17
   3.1012000516057014E-002   7590638.50       258786384.      -1.33377220E+17
   3.1774800270795822E-002   7793645.50       191743072.      -1.47858304E+17
   3.2529998570680618E-002   7961092.50       153663488.      -1.62128796E+17
   3.3289700746536255E-002   8092609.50       137395696.      -1.75447971E+17
   3.4047998487949371E-002   8196420.50       129645352.      -1.86932353E+17
   3.4807100892066956E-002   8268983.50       123291464.      -1.95936271E+17
   3.5565998405218124E-002   8318754.00       103540704.      -2.02107383E+17
   3.6325000226497650E-002   8345270.00       69856480.0      -2.05860480E+17
   3.7083998322486877E-002   8351948.00       20067644.0      -2.07387014E+17
   3.7843100726604462E-002   8341674.50      -39628776.0      -2.08206528E+17
   3.8601998239755630E-002   8310270.00      -98950856.0      -2.06707585E+17
   3.9361700415611267E-002   8263419.50      -149802304.      -2.02465342E+17
   4.0119998157024384E-002   8188360.00      -177408544.      -1.95480317E+17
   4.0882799774408340E-002   8092191.50      -193402048.      -1.85792434E+17
   4.1638001799583435E-002   7959088.00      -180494944.      -1.74053687E+17
   4.2419299483299255E-002   7790645.00      -180684608.      -1.60738172E+17
   4.3156001716852188E-002   7567366.00      -162319360.      -1.46966222E+17
   4.4045198708772659E-002   7278725.00      -184843328.      -1.30728411E+17
   4.4674001634120941E-002   7064115.00      -429894688.      -1.18152901E+17
   4.6192001551389694E-002   6407149.00      -676913216.      -9.00015980E+16
   4.6678699553012848E-002   6122821.00      -437431808.      -8.13807225E+16
   4.7022800892591476E-002   5936325.50      -693662144.      -7.45075808E+16
   4.7450400888919830E-002   5641361.00      -578756160.      -6.68867627E+16
   4.7853499650955200E-002   5402948.00      -693870336.      -5.94589775E+16
   4.8271000385284424E-002   5105649.50      -641936960.      -5.22668271E+16
   4.8684298992156982E-002   4841729.50      -713598272.      -4.49853629E+16
   4.9100100994110107E-002   4537782.00      -672046912.      -3.79588179E+16
   4.9515098333358765E-002   4265131.50      -711921792.      -3.12875418E+16
   4.9930501729249954E-002   3962747.00      -675250496.      -2.39944017E+16
   5.0345800817012787E-002   3693296.50      -685447552.      -1.79882969E+16
   5.0761200487613678E-002   3402448.25      -654202176.      -1.07713238E+16
   5.1176600158214569E-002   3144464.25      -643212608.      -5.17327791E+15
   5.1591999828815460E-002   2872671.75      -612102080.       2.10098069E+15
   5.2007399499416351E-002   2634092.50      -585449664.       6.94698773E+15
   5.2422799170017242E-002   2387534.50      -554870784.       1.46802422E+16
   5.2838198840618134E-002   2173768.50      -517441728.       1.86352446E+16
   5.3253900259733200E-002   1956285.75      -488401728.       2.63767900E+16
   5.3668901324272156E-002   1769893.25      -446997152.       3.01526504E+16
   5.4086398333311081E-002   1583697.62      -407366688.       3.77750620E+16
   5.4499700665473938E-002   1430504.12      -374985344.       4.09385631E+16
   5.4927300661802292E-002   1265654.25      -351240160.       4.88241574E+16
   5.5330500006675720E-002   1142951.62      -297703552.       5.15202244E+16
   5.5817101150751114E-002   987385.500      -289695936.       5.95247506E+16
   5.6161198765039444E-002   904335.188      -216060688.       6.16700782E+16
   5.6992001831531525E-002   718869.062      -169868016.       7.10924633E+16
   5.7952001690864563E-002   550809.562      -154569168.       8.09408749E+16
   5.8591999113559723E-002   459488.750      -147842272.       8.68891383E+16
   5.9551998972892761E-002   342266.938      -130615296.       9.38572933E+16
   6.0192000120878220E-002   289227.750      -89049552.0       9.84574609E+16
   6.1792001128196716E-002   184063.312      -30392560.0       1.04607897E+17
   6.3321396708488464E-002   115970.062      -6356770.50       1.04441673E+17
   6.4401000738143921E-002   88083.5234       4301907.00       1.01480422E+17
   6.5750502049922943E-002   48926.2969      -32759150.0       9.48413648E+16
   6.7010000348091125E-002   49646.2578       21868612.0       8.68621573E+16
   6.8359501659870148E-002   31716.5098      -26103160.0       7.76394023E+16
   6.9618999958038330E-002   20225.8555       5812556.00       6.85490911E+16
   7.1148402988910675E-002   13725.3320      -514060.250       5.92978604E+16
   7.2227999567985535E-002   10804.5059      -4826721.50       5.45938318E+16
   7.4836999177932739E-002   5022.37207      -3398396.25       4.95912171E+16
